FaceTrackTest/app/build/outputs/logs/manifest-merger-debug-report.txt
-- Merging decision tree log ---
manifest
ADDED from src\main\AndroidManifest.xml:2:1-32:12
	package
		ADDED from src\main\AndroidManifest.xml:3:5-44
		INJECTED from src\main\AndroidManifest.xml
		INJECTED from src\main\AndroidManifest.xml
	android:versionName
		INJECTED from src\main\AndroidManifest.xml
		INJECTED from src\main\AndroidManifest.xml
	xmlns:android
		ADDED from src\main\AndroidManifest.xml:2:11-69
	android:versionCode
		INJECTED from src\main\AndroidManifest.xml
		INJECTED from src\main\AndroidManifest.xml
application
ADDED from src\main\AndroidManifest.xml:5:5-31:19
MERGED from [com.android.support:appcompat-v7:23.1.1] AndroidManifest.xml:22:5-20
MERGED from [com.android.support:support-v4:23.1.1] AndroidManifest.xml:22:5-20
MERGED from [com.android.support:design:23.1.1] AndroidManifest.xml:22:5-20
MERGED from [com.android.support:appcompat-v7:23.1.1] AndroidManifest.xml:22:5-20
MERGED from [com.android.support:support-v4:23.1.1] AndroidManifest.xml:22:5-20
MERGED from [com.android.support:support-v4:23.1.1] AndroidManifest.xml:22:5-20
MERGED from [com.android.support:support-v4:23.1.1] AndroidManifest.xml:22:5-20
MERGED from [com.android.support:support-v4:23.1.1] AndroidManifest.xml:22:5-20
MERGED from [com.android.support:support-v4:23.1.1] AndroidManifest.xml:22:5-20
	android:label
		ADDED from src\main\AndroidManifest.xml:8:9-41
	android:allowBackup
		ADDED from src\main\AndroidManifest.xml:6:9-35
	android:icon
		ADDED from src\main\AndroidManifest.xml:7:9-43
	android:largeHeap
		ADDED from src\main\AndroidManifest.xml:9:9-33
	android:theme
		ADDED from src\main\AndroidManifest.xml:10:9-40
activity#com.robodoot.dr.RoboApp.FdActivity
ADDED from src\main\AndroidManifest.xml:11:9-19:20
	android:label
		ADDED from src\main\AndroidManifest.xml:13:13-54
	android:name
		ADDED from src\main\AndroidManifest.xml:12:13-62
intent-filter#android.intent.action.MAIN+android.intent.category.LAUNCHER
ADDED from src\main\AndroidManifest.xml:15:13-18:29
action#android.intent.action.MAIN
ADDED from src\main\AndroidManifest.xml:16:17-69
	android:name
		ADDED from src\main\AndroidManifest.xml:16:25-66
category#android.intent.category.LAUNCHER
ADDED from src\main\AndroidManifest.xml:17:17-76
	android:name
		ADDED from src\main\AndroidManifest.xml:17:27-74
activity#com.robodoot.roboapp.MainActivity
ADDED from src\main\AndroidManifest.xml:20:9-27:20
	android:label
		ADDED from src\main\AndroidManifest.xml:22:13-37
	android:parentActivityName
		ADDED from src\main\AndroidManifest.xml:23:13-76
	android:name
		ADDED from src\main\AndroidManifest.xml:21:13-61
meta-data#android.support.PARENT_ACTIVITY
ADDED from src\main\AndroidManifest.xml:24:13-26:70
	android:value
		ADDED from src\main\AndroidManifest.xml:26:17-67
	android:name
		ADDED from src\main\AndroidManifest.xml:25:17-63
uses-sdk
INJECTED from src\main\AndroidManifest.xml reason: use-sdk injection requested
MERGED from [com.android.support:appcompat-v7:23.1.1] AndroidManifest.xml:20:5-43
MERGED from [com.android.support:support-v4:23.1.1] AndroidManifest.xml:20:5-43
MERGED from [FaceTrackTest:openCVLibrary300:unspecified] AndroidManifest.xml:7:5-9:41
MERGED from [com.android.support:design:23.1.1] AndroidManifest.xml:20:5-43
MERGED from [com.android.support:appcompat-v7:23.1.1] AndroidManifest.xml:20:5-43
MERGED from [com.android.support:support-v4:23.1.1] AndroidManifest.xml:20:5-43
MERGED from [com.android.support:recyclerview-v7:23.1.1] AndroidManifest.xml:20:5-43
MERGED from [com.android.support:support-v4:23.1.1] AndroidManifest.xml:20:5-43
MERGED from [com.android.support:support-v4:23.1.1] AndroidManifest.xml:20:5-43
MERGED from [com.android.support:support-v4:23.1.1] AndroidManifest.xml:20:5-43
MERGED from [com.android.support:recyclerview-v7:23.1.1] AndroidManifest.xml:20:5-43
MERGED from [com.android.support:support-v4:23.1.1] AndroidManifest.xml:20:5-43
	android:targetSdkVersion
		INJECTED from src\main\AndroidManifest.xml
		INJECTED from src\main\AndroidManifest.xml
	android:minSdkVersion
		INJECTED from src\main\AndroidManifest.xml
		INJECTED from src\main\AndroidManifest.xml
uses-permission#android.permission.CAMERA
ADDED from [FaceTrackTest:openCVLibrary300:unspecified] AndroidManifest.xml:11:5-65
	android:name
		ADDED from [FaceTrackTest:openCVLibrary300:unspecified] AndroidManifest.xml:11:22-62
uses-feature#android.hardware.camera
ADDED from [FaceTrackTest:openCVLibrary300:unspecified] AndroidManifest.xml:13:5-15:36
	android:required
		ADDED from [FaceTrackTest:openCVLibrary300:unspecified] AndroidManifest.xml:15:9-33
	android:name
		ADDED from [FaceTrackTest:openCVLibrary300:unspecified] AndroidManifest.xml:14:9-47
uses-feature#android.hardware.camera.autoFocus
ADDED from [FaceTrackTest:openCVLibrary300:unspecified] AndroidManifest.xml:16:5-18:36
	android:required
		ADDED from [FaceTrackTest:openCVLibrary300:unspecified] AndroidManifest.xml:18:9-33
	android:name
		ADDED from [FaceTrackTest:openCVLibrary300:unspecified] AndroidManifest.xml:17:9-57
uses-feature#android.hardware.camera.front
ADDED from [FaceTrackTest:openCVLibrary300:unspecified] AndroidManifest.xml:19:5-21:36
	android:required
		ADDED from [FaceTrackTest:openCVLibrary300:unspecified] AndroidManifest.xml:21:9-33
	android:name
		ADDED from [FaceTrackTest:openCVLibrary300:unspecified] AndroidManifest.xml:20:9-53
uses-feature#android.hardware.camera.front.autoFocus
ADDED from [FaceTrackTest:openCVLibrary300:unspecified] AndroidManifest.xml:22:5-24:36
	android:required
		ADDED from [FaceTrackTest:openCVLibrary300:unspecified] AndroidManifest.xml:24:9-33
	android:name
		ADDED from [FaceTrackTest:openCVLibrary300:unspecified] AndroidManifest.xml:23:9-63